c:\users\hafiz\onedrive\desktop\mydictionary\kdictionary\kdictionary\x64\debug\vc143.pdb
c:\users\hafiz\onedrive\desktop\mydictionary\kdictionary\kdictionary\x64\debug\.netframework,version=v4.7.2.assemblyattributes.obj
c:\users\hafiz\onedrive\desktop\mydictionary\kdictionary\kdictionary\x64\debug\up.obj
c:\users\hafiz\onedrive\desktop\mydictionary\kdictionary\kdictionary\x64\debug\suggest.obj
c:\users\hafiz\onedrive\desktop\mydictionary\kdictionary\kdictionary\x64\debug\source.obj
c:\users\hafiz\onedrive\desktop\mydictionary\kdictionary\kdictionary\x64\debug\search.obj
c:\users\hafiz\onedrive\desktop\mydictionary\kdictionary\kdictionary\x64\debug\dic.obj
c:\users\hafiz\onedrive\desktop\mydictionary\kdictionary\kdictionary\x64\debug\del.obj
c:\users\hafiz\onedrive\desktop\mydictionary\kdictionary\kdictionary\x64\debug\add.obj
c:\users\hafiz\onedrive\desktop\mydictionary\kdictionary\x64\debug\kdictionary.exe
c:\users\hafiz\onedrive\desktop\mydictionary\kdictionary\kdictionary\x64\debug\update.obj
c:\users\hafiz\onedrive\desktop\mydictionary\kdictionary\x64\debug\kdictionary.pdb
c:\users\hafiz\onedrive\desktop\mydictionary\kdictionary\kdictionary\x64\debug\kdictionary.tlog\cl.command.1.tlog
c:\users\hafiz\onedrive\desktop\mydictionary\kdictionary\kdictionary\x64\debug\kdictionary.tlog\cl.items.tlog
c:\users\hafiz\onedrive\desktop\mydictionary\kdictionary\kdictionary\x64\debug\kdictionary.tlog\cl.read.1.tlog
c:\users\hafiz\onedrive\desktop\mydictionary\kdictionary\kdictionary\x64\debug\kdictionary.tlog\cl.write.1.tlog
c:\users\hafiz\onedrive\desktop\mydictionary\kdictionary\kdictionary\x64\debug\kdictionary.tlog\link.command.1.tlog
c:\users\hafiz\onedrive\desktop\mydictionary\kdictionary\kdictionary\x64\debug\kdictionary.tlog\link.read.1.tlog
c:\users\hafiz\onedrive\desktop\mydictionary\kdictionary\kdictionary\x64\debug\kdictionary.tlog\link.write.1.tlog
c:\users\hafiz\onedrive\desktop\mydictionary\kdictionary\kdictionary\x64\debug\kdictionary.tlog\metagen.read.1.tlog
c:\users\hafiz\onedrive\desktop\mydictionary\kdictionary\kdictionary\x64\debug\kdictionary.tlog\metagen.write.1.tlog
c:\users\hafiz\onedrive\desktop\mydictionary\kdictionary\kdictionary\x64\debug\kdictionary.tlog\resgen.command.1.tlog
c:\users\hafiz\onedrive\desktop\mydictionary\kdictionary\kdictionary\x64\debug\kdictionary.tlog\resgen.read.1.tlog
c:\users\hafiz\onedrive\desktop\mydictionary\kdictionary\kdictionary\x64\debug\kdictionary.tlog\resgen.write.1.tlog
